Using pre-set license
Built from '2020.3/staging' branch; Version is '2020.3.22f1 (e1a7f79fd887) revision 14788599'; Using compiler version '192528614'; Build Type 'Release'
OS: 'Windows 10 Pro; OS build 19042.1288; Version 2009; 64bit' Language: 'en' Physical Memory: 8088 MB
BatchMode: 1, IsHumanControllingUs: 0, StartBugReporterOnCrash: 0, Is64bit: 1, IsPro: 0

COMMAND LINE ARGUMENTS:
C:\Program Files\Unity\Hub\Editor\2020.3.22f1\Editor\Unity.exe
-adb2
-batchMode
-noUpm
-name
AssetImportWorker0
-projectPath
C:/Users/Avtar/TopDownSpaceShooter
-logFile
Logs/AssetImportWorker0.log
-srvPort
54448
Successfully changed project path to: C:/Users/Avtar/TopDownSpaceShooter
C:/Users/Avtar/TopDownSpaceShooter
Using Asset Import Pipeline V2.
Refreshing native plugins compatible for Editor in 51.40 ms, found 2 plugins.
Preloading 0 native plugins for Editor in 0.00 ms.
Initialize engine version: 2020.3.22f1 (e1a7f79fd887)
[Subsystems] Discovering subsystems at path C:/Program Files/Unity/Hub/Editor/2020.3.22f1/Editor/Data/Resources/UnitySubsystems
[Subsystems] Discovering subsystems at path C:/Users/Avtar/TopDownSpaceShooter/Assets
GfxDevice: creating device client; threaded=0
Direct3D:
    Version:  Direct3D 11.0 [level 11.1]
    Renderer: Intel(R) HD Graphics Family (ID=0xa16)
    Vendor:   
    VRAM:     2048 MB
    Driver:   20.19.15.4642
Initialize mono
Mono path[0] = 'C:/Program Files/Unity/Hub/Editor/2020.3.22f1/Editor/Data/Managed'
Mono path[1] = 'C:/Program Files/Unity/Hub/Editor/2020.3.22f1/Editor/Data/MonoBleedingEdge/lib/mono/unityjit'
Mono config path = 'C:/Program Files/Unity/Hub/Editor/2020.3.22f1/Editor/Data/MonoBleedingEdge/etc'
Using monoOptions --debugger-agent=transport=dt_socket,embedding=1,server=y,suspend=n,address=127.0.0.1:56272
Begin MonoManager ReloadAssembly
Registering precompiled unity dll's ...
Register platform support module: C:/Program Files/Unity/Hub/Editor/2020.3.22f1/Editor/Data/PlaybackEngines/WindowsStandaloneSupport/UnityEditor.WindowsStandalone.Extensions.dll
Registered in 0.002561 seconds.
Native extension for WindowsStandalone target not found
Refreshing native plugins compatible for Editor in 54.51 ms, found 2 plugins.
Preloading 0 native plugins for Editor in 0.00 ms.
Mono: successfully reloaded assembly
- Completed reload, in  2.897 seconds
Domain Reload Profiling:
	ReloadAssembly (2897ms)
		BeginReloadAssembly (79ms)
			ExecutionOrderSort (0ms)
			DisableScriptedObjects (0ms)
			BackupInstance (0ms)
			ReleaseScriptingObjects (0ms)
			CreateAndSetChildDomain (1ms)
		EndReloadAssembly (704ms)
			LoadAssemblies (76ms)
			RebuildTransferFunctionScriptingTraits (0ms)
			SetupTypeCache (219ms)
			ReleaseScriptCaches (0ms)
			RebuildScriptCaches (65ms)
			SetupLoadedEditorAssemblies (254ms)
				LogAssemblyErrors (0ms)
				InitializePlatformSupportModulesInManaged (6ms)
				SetLoadedEditorAssemblies (0ms)
				RefreshPlugins (55ms)
				BeforeProcessingInitializeOnLoad (13ms)
				ProcessInitializeOnLoadAttributes (133ms)
				ProcessInitializeOnLoadMethodAttributes (46ms)
				AfterProcessingInitializeOnLoad (0ms)
				EditorAssembliesLoaded (0ms)
			ExecutionOrderSort2 (0ms)
			AwakeInstancesAfterBackupRestoration (0ms)
Platform modules already initialized, skipping
Registering precompiled user dll's ...
Registered in 0.006346 seconds.
Begin MonoManager ReloadAssembly
Native extension for WindowsStandalone target not found
Refreshing native plugins compatible for Editor in 0.98 ms, found 2 plugins.
Preloading 0 native plugins for Editor in 0.00 ms.
Mono: successfully reloaded assembly
- Completed reload, in  1.646 seconds
Domain Reload Profiling:
	ReloadAssembly (1647ms)
		BeginReloadAssembly (263ms)
			ExecutionOrderSort (0ms)
			DisableScriptedObjects (13ms)
			BackupInstance (0ms)
			ReleaseScriptingObjects (0ms)
			CreateAndSetChildDomain (26ms)
		EndReloadAssembly (1292ms)
			LoadAssemblies (129ms)
			RebuildTransferFunctionScriptingTraits (0ms)
			SetupTypeCache (418ms)
			ReleaseScriptCaches (1ms)
			RebuildScriptCaches (88ms)
			SetupLoadedEditorAssemblies (468ms)
				LogAssemblyErrors (0ms)
				InitializePlatformSupportModulesInManaged (7ms)
				SetLoadedEditorAssemblies (1ms)
				RefreshPlugins (1ms)
				BeforeProcessingInitializeOnLoad (79ms)
				ProcessInitializeOnLoadAttributes (350ms)
				ProcessInitializeOnLoadMethodAttributes (18ms)
				AfterProcessingInitializeOnLoad (11ms)
				EditorAssembliesLoaded (0ms)
			ExecutionOrderSort2 (0ms)
			AwakeInstancesAfterBackupRestoration (9ms)
Platform modules already initialized, skipping
========================================================================
Worker process is ready to serve import requests
Launched and connected shader compiler UnityShaderCompiler.exe after 0.13 seconds
Refreshing native plugins compatible for Editor in 0.69 ms, found 2 plugins.
Preloading 0 native plugins for Editor in 0.00 ms.
Unloading 1497 Unused Serialized files (Serialized files now loaded: 0)
System memory in use before: 68.5 MB.
System memory in use after: 68.6 MB.

Unloading 19 unused Assets to reduce memory usage. Loaded Objects now: 1929.
Total: 4.276800 ms (FindLiveObjects: 0.179900 ms CreateObjectMapping: 0.072900 ms MarkObjects: 3.929600 ms  DeleteObjects: 0.092700 ms)

AssetImportParameters requested are different than current active one (requested -> active):
  custom:framework-win-MediaFoundation: 216162199b28c13a410421893ffa2e32 -> 
  custom:video-decoder-ogg-theora: a1e56fd34408186e4bbccfd4996cb3dc -> 
  custom:container-muxer-webm: aa71ff27fc2769a1b78a27578f13a17b -> 
  custom:container-demuxer-webm: 4f35f7cbe854078d1ac9338744f61a02 -> 
  custom:container-demuxer-ogg: 62fdf1f143b41e24485cea50d1cbac27 -> 
  custom:video-encoder-webm-vp8: eb34c28f22e8b96e1ab97ce403110664 -> 
  custom:video-codec-MediaFoundation-h265: 746d11721c4dcdbdad8f713fa42b33f4 -> 
  custom:video-decoder-webm-vp8: 9c59270c3fd7afecdb556c50c9e8de78 -> 
  custom:audio-decoder-ogg-vorbis: bf7c407c2cedff20999df2af8eb42d56 -> 
  custom:audio-encoder-webm-vorbis: bf7c407c2cedff20999df2af8eb42d56 -> 
========================================================================
Received Import Request.
  path: Assets/TowerDefence_Vsquad/Prefabs
  artifactKey: Guid(c886998ec5cf69948bed21cf39bd72c2) Importer(815301076,1909f56bfc062723c751e8b465ee728b)
Start importing Assets/TowerDefence_Vsquad/Prefabs using Guid(c886998ec5cf69948bed21cf39bd72c2) Importer(815301076,1909f56bfc062723c751e8b465ee728b)  -> (artifact id: 'b5830ebc6b6d018439b239fa6abc6ff0') in 0.017160 seconds 
  Import took 0.023585 seconds .

========================================================================
Received Import Request.
  Time since last request: 0.000527 seconds.
  path: Assets/TowerDefence_Vsquad/Prefabs/HM_cannon_1.prefab
  artifactKey: Guid(997eda0f844715845a30121b4553e2fd) Importer(815301076,1909f56bfc062723c751e8b465ee728b)
Start importing Assets/TowerDefence_Vsquad/Prefabs/HM_cannon_1.prefab using Guid(997eda0f844715845a30121b4553e2fd) Importer(815301076,1909f56bfc062723c751e8b465ee728b)  -> (artifact id: 'fe764e5456ab10c040108ea2c4794332') in 0.447352 seconds 
  Import took 0.455850 seconds .

========================================================================
Received Import Request.
  Time since last request: 0.000271 seconds.
  path: Assets/TowerDefence_Vsquad
  artifactKey: Guid(2494c3bd53fd22f44a70a934549b222f) Importer(815301076,1909f56bfc062723c751e8b465ee728b)
Start importing Assets/TowerDefence_Vsquad using Guid(2494c3bd53fd22f44a70a934549b222f) Importer(815301076,1909f56bfc062723c751e8b465ee728b)  -> (artifact id: '89cd8dbc063086af8b0514c8ef3798cd') in 0.018275 seconds 
  Import took 0.025530 seconds .

========================================================================
Received Import Request.
  Time since last request: 0.000303 seconds.
  path: Assets/TowerDefence_Vsquad/Prefabs/Characters
  artifactKey: Guid(a5b49000c29312340ab32d91e72eee78) Importer(815301076,1909f56bfc062723c751e8b465ee728b)
Start importing Assets/TowerDefence_Vsquad/Prefabs/Characters using Guid(a5b49000c29312340ab32d91e72eee78) Importer(815301076,1909f56bfc062723c751e8b465ee728b)  -> (artifact id: '73c2b338a7eb04c4160d0cd7b353a6dc') in 0.022694 seconds 
  Import took 0.037629 seconds .

========================================================================
Received Import Request.
  Time since last request: 1.349379 seconds.
  path: Assets/TowerDefence_Vsquad/Prefabs/Characters/Goblin
  artifactKey: Guid(65dc8bbb94f367e4595ae53177a00ac8) Importer(815301076,1909f56bfc062723c751e8b465ee728b)
Start importing Assets/TowerDefence_Vsquad/Prefabs/Characters/Goblin using Guid(65dc8bbb94f367e4595ae53177a00ac8) Importer(815301076,1909f56bfc062723c751e8b465ee728b)  -> (artifact id: 'd829ba2f150cc15fb02662d66830cbdf') in 0.017190 seconds 
  Import took 0.022434 seconds .

========================================================================
Received Import Request.
  Time since last request: 0.058005 seconds.
  path: Assets/TowerDefence_Vsquad/Prefabs/Characters/Goblin/Goblin_test.prefab
  artifactKey: Guid(3749b9edee740c44ea7455a4fa1b7382) Importer(815301076,1909f56bfc062723c751e8b465ee728b)
Start importing Assets/TowerDefence_Vsquad/Prefabs/Characters/Goblin/Goblin_test.prefab using Guid(3749b9edee740c44ea7455a4fa1b7382) Importer(815301076,1909f56bfc062723c751e8b465ee728b)  -> (artifact id: '82ed07e031297467755589f38097895b') in 0.111205 seconds 
  Import took 0.118493 seconds .

========================================================================
Received Import Request.
  Time since last request: 10.966383 seconds.
  path: Assets/TowerDefence_Vsquad/Prefabs/Bullets
  artifactKey: Guid(5871da83c1d99db4dbd7c31f25a46eb9) Importer(815301076,1909f56bfc062723c751e8b465ee728b)
Start importing Assets/TowerDefence_Vsquad/Prefabs/Bullets using Guid(5871da83c1d99db4dbd7c31f25a46eb9) Importer(815301076,1909f56bfc062723c751e8b465ee728b)  -> (artifact id: '2c3ace6d2d21b5087d5b21f7ae04a677') in 0.017416 seconds 
  Import took 0.021899 seconds .

========================================================================
Received Import Request.
  Time since last request: 0.024557 seconds.
  path: Assets/TowerDefence_Vsquad/Prefabs/Bullets/HM_cannon_bullet1.prefab
  artifactKey: Guid(8a976dcd328a4664c85144f33b9c46b0) Importer(815301076,1909f56bfc062723c751e8b465ee728b)
Start importing Assets/TowerDefence_Vsquad/Prefabs/Bullets/HM_cannon_bullet1.prefab using Guid(8a976dcd328a4664c85144f33b9c46b0) Importer(815301076,1909f56bfc062723c751e8b465ee728b)  -> (artifact id: '135c514d644d62c6b7ff361ab112d086') in 0.124179 seconds 
  Import took 0.130327 seconds .

========================================================================
Received Prepare
Registering precompiled user dll's ...
Registered in 0.007490 seconds.
Begin MonoManager ReloadAssembly
Native extension for WindowsStandalone target not found
Refreshing native plugins compatible for Editor in 0.47 ms, found 2 plugins.
Preloading 0 native plugins for Editor in 0.00 ms.
Mono: successfully reloaded assembly
- Completed reload, in  1.614 seconds
Domain Reload Profiling:
	ReloadAssembly (1615ms)
		BeginReloadAssembly (230ms)
			ExecutionOrderSort (0ms)
			DisableScriptedObjects (9ms)
			BackupInstance (0ms)
			ReleaseScriptingObjects (0ms)
			CreateAndSetChildDomain (62ms)
		EndReloadAssembly (1209ms)
			LoadAssemblies (196ms)
			RebuildTransferFunctionScriptingTraits (0ms)
			SetupTypeCache (404ms)
			ReleaseScriptCaches (1ms)
			RebuildScriptCaches (61ms)
			SetupLoadedEditorAssemblies (430ms)
				LogAssemblyErrors (0ms)
				InitializePlatformSupportModulesInManaged (8ms)
				SetLoadedEditorAssemblies (1ms)
				RefreshPlugins (1ms)
				BeforeProcessingInitializeOnLoad (84ms)
				ProcessInitializeOnLoadAttributes (312ms)
				ProcessInitializeOnLoadMethodAttributes (14ms)
				AfterProcessingInitializeOnLoad (10ms)
				EditorAssembliesLoaded (0ms)
			ExecutionOrderSort2 (0ms)
			AwakeInstancesAfterBackupRestoration (10ms)
Platform modules already initialized, skipping
Refreshing native plugins compatible for Editor in 0.41 ms, found 2 plugins.
Preloading 0 native plugins for Editor in 0.00 ms.
Unloading 1482 Unused Serialized files (Serialized files now loaded: 0)
System memory in use before: 85.2 MB.
System memory in use after: 85.3 MB.

Unloading 22 unused Assets to reduce memory usage. Loaded Objects now: 1936.
Total: 4.492800 ms (FindLiveObjects: 0.170600 ms CreateObjectMapping: 0.067900 ms MarkObjects: 4.222900 ms  DeleteObjects: 0.030000 ms)

AssetImportParameters requested are different than current active one (requested -> active):
  custom:framework-win-MediaFoundation: 216162199b28c13a410421893ffa2e32 -> 
  custom:video-decoder-ogg-theora: a1e56fd34408186e4bbccfd4996cb3dc -> 
  custom:container-muxer-webm: aa71ff27fc2769a1b78a27578f13a17b -> 
  custom:container-demuxer-webm: 4f35f7cbe854078d1ac9338744f61a02 -> 
  custom:container-demuxer-ogg: 62fdf1f143b41e24485cea50d1cbac27 -> 
  custom:video-encoder-webm-vp8: eb34c28f22e8b96e1ab97ce403110664 -> 
  custom:video-codec-MediaFoundation-h265: 746d11721c4dcdbdad8f713fa42b33f4 -> 
  custom:video-decoder-webm-vp8: 9c59270c3fd7afecdb556c50c9e8de78 -> 
  custom:audio-decoder-ogg-vorbis: bf7c407c2cedff20999df2af8eb42d56 -> 
  custom:audio-encoder-webm-vorbis: bf7c407c2cedff20999df2af8eb42d56 -> 
========================================================================
Received Prepare
Registering precompiled user dll's ...
Registered in 0.008499 seconds.
Begin MonoManager ReloadAssembly
Native extension for WindowsStandalone target not found
Refreshing native plugins compatible for Editor in 0.38 ms, found 2 plugins.
Preloading 0 native plugins for Editor in 0.00 ms.
Mono: successfully reloaded assembly
- Completed reload, in  1.305 seconds
Domain Reload Profiling:
	ReloadAssembly (1305ms)
		BeginReloadAssembly (145ms)
			ExecutionOrderSort (0ms)
			DisableScriptedObjects (6ms)
			BackupInstance (0ms)
			ReleaseScriptingObjects (0ms)
			CreateAndSetChildDomain (49ms)
		EndReloadAssembly (1073ms)
			LoadAssemblies (112ms)
			RebuildTransferFunctionScriptingTraits (0ms)
			SetupTypeCache (387ms)
			ReleaseScriptCaches (1ms)
			RebuildScriptCaches (51ms)
			SetupLoadedEditorAssemblies (384ms)
				LogAssemblyErrors (0ms)
				InitializePlatformSupportModulesInManaged (7ms)
				SetLoadedEditorAssemblies (1ms)
				RefreshPlugins (0ms)
				BeforeProcessingInitializeOnLoad (66ms)
				ProcessInitializeOnLoadAttributes (286ms)
				ProcessInitializeOnLoadMethodAttributes (13ms)
				AfterProcessingInitializeOnLoad (10ms)
				EditorAssembliesLoaded (0ms)
			ExecutionOrderSort2 (0ms)
			AwakeInstancesAfterBackupRestoration (11ms)
Platform modules already initialized, skipping
Refreshing native plugins compatible for Editor in 0.79 ms, found 2 plugins.
Preloading 0 native plugins for Editor in 0.00 ms.
Unloading 1484 Unused Serialized files (Serialized files now loaded: 0)
System memory in use before: 85.4 MB.
System memory in use after: 85.5 MB.

Unloading 14 unused Assets to reduce memory usage. Loaded Objects now: 1940.
Total: 4.460000 ms (FindLiveObjects: 0.236300 ms CreateObjectMapping: 0.136400 ms MarkObjects: 4.062400 ms  DeleteObjects: 0.023500 ms)

AssetImportParameters requested are different than current active one (requested -> active):
  custom:framework-win-MediaFoundation: 216162199b28c13a410421893ffa2e32 -> 
  custom:video-decoder-ogg-theora: a1e56fd34408186e4bbccfd4996cb3dc -> 
  custom:container-muxer-webm: aa71ff27fc2769a1b78a27578f13a17b -> 
  custom:container-demuxer-webm: 4f35f7cbe854078d1ac9338744f61a02 -> 
  custom:container-demuxer-ogg: 62fdf1f143b41e24485cea50d1cbac27 -> 
  custom:video-encoder-webm-vp8: eb34c28f22e8b96e1ab97ce403110664 -> 
  custom:video-codec-MediaFoundation-h265: 746d11721c4dcdbdad8f713fa42b33f4 -> 
  custom:video-decoder-webm-vp8: 9c59270c3fd7afecdb556c50c9e8de78 -> 
  custom:audio-decoder-ogg-vorbis: bf7c407c2cedff20999df2af8eb42d56 -> 
  custom:audio-encoder-webm-vorbis: bf7c407c2cedff20999df2af8eb42d56 -> 
========================================================================
Received Import Request.
  Time since last request: 292.657078 seconds.
  path: Assets/StarSparrow
  artifactKey: Guid(68ba141d95b38104d9d463ad4786bd32) Importer(815301076,1909f56bfc062723c751e8b465ee728b)
Start importing Assets/StarSparrow using Guid(68ba141d95b38104d9d463ad4786bd32) Importer(815301076,1909f56bfc062723c751e8b465ee728b)  -> (artifact id: '54eddeae280f7ce5188cf53b676f4584') in 0.014282 seconds 
  Import took 0.018703 seconds .

========================================================================
Received Import Request.
  Time since last request: 0.240092 seconds.
  path: Assets/StarSparrow/Meshes
  artifactKey: Guid(611565bb02c30504995c4b3d89bd4e19) Importer(815301076,1909f56bfc062723c751e8b465ee728b)
Start importing Assets/StarSparrow/Meshes using Guid(611565bb02c30504995c4b3d89bd4e19) Importer(815301076,1909f56bfc062723c751e8b465ee728b)  -> (artifact id: 'ae15fee09a92fa9232ec0d97c2fca7a1') in 0.015833 seconds 
  Import took 0.020655 seconds .

========================================================================
Received Import Request.
  Time since last request: 0.949209 seconds.
  path: Assets/StarSparrow/Prefabs
  artifactKey: Guid(0aa7bcc0cee9d024fbea84bf0552512f) Importer(815301076,1909f56bfc062723c751e8b465ee728b)
Start importing Assets/StarSparrow/Prefabs using Guid(0aa7bcc0cee9d024fbea84bf0552512f) Importer(815301076,1909f56bfc062723c751e8b465ee728b)  -> (artifact id: 'b558b8aa87019f3d20fe3768ca1e4981') in 0.006649 seconds 
  Import took 0.013645 seconds .

========================================================================
Received Import Request.
  Time since last request: 1.915034 seconds.
  path: Assets/StarSparrow/Prefabs/Examples
  artifactKey: Guid(c62cb36fa1c42324fb68e66511348fac) Importer(815301076,1909f56bfc062723c751e8b465ee728b)
Start importing Assets/StarSparrow/Prefabs/Examples using Guid(c62cb36fa1c42324fb68e66511348fac) Importer(815301076,1909f56bfc062723c751e8b465ee728b)  -> (artifact id: '86829e579727fcb3dd90fd0dc529e3b3') in 0.018196 seconds 
  Import took 0.023042 seconds .

========================================================================
Received Import Request.
  Time since last request: 0.039042 seconds.
  path: Assets/StarSparrow/Prefabs/Examples/StarSparrow1.prefab
  artifactKey: Guid(f805c7b2f982faf43833878e4f22ae2a) Importer(815301076,1909f56bfc062723c751e8b465ee728b)
Start importing Assets/StarSparrow/Prefabs/Examples/StarSparrow1.prefab using Guid(f805c7b2f982faf43833878e4f22ae2a) Importer(815301076,1909f56bfc062723c751e8b465ee728b)  -> (artifact id: '336c45c8b881adc472dcfb412de05f51') in 0.465574 seconds 
  Import took 0.470830 seconds .

========================================================================
Received Import Request.
  Time since last request: 0.000376 seconds.
  path: Assets/StarSparrow/Prefabs/Examples/StarSparrow2.prefab
  artifactKey: Guid(dae7a3955bbf76e409d09988296acacb) Importer(815301076,1909f56bfc062723c751e8b465ee728b)
Start importing Assets/StarSparrow/Prefabs/Examples/StarSparrow2.prefab using Guid(dae7a3955bbf76e409d09988296acacb) Importer(815301076,1909f56bfc062723c751e8b465ee728b)  -> (artifact id: 'b1eca8eb5ca6bc18ffec6a72fe3a0f0f') in 0.075119 seconds 
  Import took 0.080720 seconds .

========================================================================
Received Import Request.
  Time since last request: 0.000230 seconds.
  path: Assets/StarSparrow/Prefabs/Examples/StarSparrow10.prefab
  artifactKey: Guid(fb80d574ec67a7c4e8ef1a14a65990f6) Importer(815301076,1909f56bfc062723c751e8b465ee728b)
Start importing Assets/StarSparrow/Prefabs/Examples/StarSparrow10.prefab using Guid(fb80d574ec67a7c4e8ef1a14a65990f6) Importer(815301076,1909f56bfc062723c751e8b465ee728b)  -> (artifact id: '7d85caa6f70cf0a23b3ed0369594f7b4') in 0.067380 seconds 
  Import took 0.072083 seconds .

========================================================================
Received Import Request.
  Time since last request: 0.000276 seconds.
  path: Assets/StarSparrow/Prefabs/Examples/StarSparrow11.prefab
  artifactKey: Guid(5a073d16030e9bb4ab4bab71c3124066) Importer(815301076,1909f56bfc062723c751e8b465ee728b)
Start importing Assets/StarSparrow/Prefabs/Examples/StarSparrow11.prefab using Guid(5a073d16030e9bb4ab4bab71c3124066) Importer(815301076,1909f56bfc062723c751e8b465ee728b)  -> (artifact id: '819c260f1941302292bd3b81ef5bc5cb') in 0.061616 seconds 
  Import took 0.066745 seconds .

========================================================================
Received Import Request.
  Time since last request: 0.000257 seconds.
  path: Assets/StarSparrow/Prefabs/Examples/StarSparrow13.prefab
  artifactKey: Guid(6647bc14b7f253f4aa7ed042ccbd8304) Importer(815301076,1909f56bfc062723c751e8b465ee728b)
Start importing Assets/StarSparrow/Prefabs/Examples/StarSparrow13.prefab using Guid(6647bc14b7f253f4aa7ed042ccbd8304) Importer(815301076,1909f56bfc062723c751e8b465ee728b)  -> (artifact id: '13be60ef2e284382c837999eef82da35') in 0.065576 seconds 
  Import took 0.069413 seconds .

========================================================================
Received Import Request.
  Time since last request: 0.000235 seconds.
  path: Assets/StarSparrow/Prefabs/Examples/StarSparrow16.prefab
  artifactKey: Guid(09980a6c8942f3141bbe411fa8a59755) Importer(815301076,1909f56bfc062723c751e8b465ee728b)
Start importing Assets/StarSparrow/Prefabs/Examples/StarSparrow16.prefab using Guid(09980a6c8942f3141bbe411fa8a59755) Importer(815301076,1909f56bfc062723c751e8b465ee728b)  -> (artifact id: '28a366c7929ebb3fe84ec08e1090ca65') in 0.080767 seconds 
  Import took 0.086552 seconds .

========================================================================
Received Import Request.
  Time since last request: 0.000324 seconds.
  path: Assets/StarSparrow/Prefabs/Examples/StarSparrow15.prefab
  artifactKey: Guid(7ea0027aa6205b044b76dc341d565c7f) Importer(815301076,1909f56bfc062723c751e8b465ee728b)
Start importing Assets/StarSparrow/Prefabs/Examples/StarSparrow15.prefab using Guid(7ea0027aa6205b044b76dc341d565c7f) Importer(815301076,1909f56bfc062723c751e8b465ee728b)  -> (artifact id: '8c8661d60b1d1882af9cbd15f5d2670d') in 0.062573 seconds 
  Import took 0.079333 seconds .

========================================================================
Received Import Request.
  Time since last request: 0.000241 seconds.
  path: Assets/StarSparrow/Prefabs/Examples/StarSparrow4.prefab
  artifactKey: Guid(206dc24d514cdd146a07be8e731a56e9) Importer(815301076,1909f56bfc062723c751e8b465ee728b)
Start importing Assets/StarSparrow/Prefabs/Examples/StarSparrow4.prefab using Guid(206dc24d514cdd146a07be8e731a56e9) Importer(815301076,1909f56bfc062723c751e8b465ee728b)  -> (artifact id: '981c7a0d9fd6a8d0e3f35bc54a4274dc') in 0.075858 seconds 
  Import took 0.081039 seconds .

========================================================================
Received Import Request.
  Time since last request: 0.000403 seconds.
  path: Assets/StarSparrow/Prefabs/Examples/StarSparrow14.prefab
  artifactKey: Guid(5706df97cdf27ba49a0f927eb658626d) Importer(815301076,1909f56bfc062723c751e8b465ee728b)
Start importing Assets/StarSparrow/Prefabs/Examples/StarSparrow14.prefab using Guid(5706df97cdf27ba49a0f927eb658626d) Importer(815301076,1909f56bfc062723c751e8b465ee728b)  -> (artifact id: 'ae8162b3d18d3f83a01cfd45cfcd3788') in 0.068116 seconds 
  Import took 0.072961 seconds .

========================================================================
Received Import Request.
  Time since last request: 0.000293 seconds.
  path: Assets/StarSparrow/Prefabs/Examples/StarSparrow19.prefab
  artifactKey: Guid(ba40a60074a505d48b216ebc896c5ca0) Importer(815301076,1909f56bfc062723c751e8b465ee728b)
Start importing Assets/StarSparrow/Prefabs/Examples/StarSparrow19.prefab using Guid(ba40a60074a505d48b216ebc896c5ca0) Importer(815301076,1909f56bfc062723c751e8b465ee728b)  -> (artifact id: 'bcc180bdaf2f460ec7acdb9bd1dc7fa8') in 0.083781 seconds 
  Import took 0.087882 seconds .

========================================================================
Received Import Request.
  Time since last request: 0.000296 seconds.
  path: Assets/StarSparrow/Prefabs/Examples/StarSparrow18.prefab
  artifactKey: Guid(fee8124d0a18d2e44b5b8f766d913b80) Importer(815301076,1909f56bfc062723c751e8b465ee728b)
Start importing Assets/StarSparrow/Prefabs/Examples/StarSparrow18.prefab using Guid(fee8124d0a18d2e44b5b8f766d913b80) Importer(815301076,1909f56bfc062723c751e8b465ee728b)  -> (artifact id: 'c65fdfe31411ec94af8c01a9ce976b91') in 0.070718 seconds 
  Import took 0.077043 seconds .

========================================================================
Received Import Request.
  Time since last request: 0.000320 seconds.
  path: Assets/StarSparrow/Prefabs/Examples/StarSparrow8.prefab
  artifactKey: Guid(12e2965e034095b40b035c26bdecd5ed) Importer(815301076,1909f56bfc062723c751e8b465ee728b)
Start importing Assets/StarSparrow/Prefabs/Examples/StarSparrow8.prefab using Guid(12e2965e034095b40b035c26bdecd5ed) Importer(815301076,1909f56bfc062723c751e8b465ee728b)  -> (artifact id: 'e1949a8089f580539bb64b31e787be71') in 0.069412 seconds 
  Import took 0.074435 seconds .

========================================================================
Received Import Request.
  Time since last request: 0.000382 seconds.
  path: Assets/StarSparrow/Prefabs/Examples/StarSparrow3.prefab
  artifactKey: Guid(e261f7b66a8f0fd4492d87df1eee4222) Importer(815301076,1909f56bfc062723c751e8b465ee728b)
Start importing Assets/StarSparrow/Prefabs/Examples/StarSparrow3.prefab using Guid(e261f7b66a8f0fd4492d87df1eee4222) Importer(815301076,1909f56bfc062723c751e8b465ee728b)  -> (artifact id: '489576108e6d8359e276ec901fb41f12') in 0.071606 seconds 
  Import took 0.077009 seconds .

========================================================================
Received Import Request.
  Time since last request: 0.000237 seconds.
  path: Assets/StarSparrow/Prefabs/Examples/StarSparrow20.prefab
  artifactKey: Guid(feb130a8adcebe54aa314f58f408c412) Importer(815301076,1909f56bfc062723c751e8b465ee728b)
Start importing Assets/StarSparrow/Prefabs/Examples/StarSparrow20.prefab using Guid(feb130a8adcebe54aa314f58f408c412) Importer(815301076,1909f56bfc062723c751e8b465ee728b)  -> (artifact id: '5b97b989bc47b1c1b875ff3a86366945') in 0.064587 seconds 
  Import took 0.068285 seconds .

========================================================================
Received Import Request.
  Time since last request: 0.000249 seconds.
  path: Assets/StarSparrow/Prefabs/Examples/StarSparrow17.prefab
  artifactKey: Guid(972b4b7d4d0542c4faf5702b3f9f3e27) Importer(815301076,1909f56bfc062723c751e8b465ee728b)
Start importing Assets/StarSparrow/Prefabs/Examples/StarSparrow17.prefab using Guid(972b4b7d4d0542c4faf5702b3f9f3e27) Importer(815301076,1909f56bfc062723c751e8b465ee728b)  -> (artifact id: '086ae6f986f2e600aaa8d482145300aa') in 0.074804 seconds 
  Import took 0.078879 seconds .

========================================================================
Received Import Request.
  Time since last request: 0.000244 seconds.
  path: Assets/StarSparrow/Prefabs/Examples/StarSparrow5.prefab
  artifactKey: Guid(4d54efa43b03b1845b929768cf25e790) Importer(815301076,1909f56bfc062723c751e8b465ee728b)
Start importing Assets/StarSparrow/Prefabs/Examples/StarSparrow5.prefab using Guid(4d54efa43b03b1845b929768cf25e790) Importer(815301076,1909f56bfc062723c751e8b465ee728b)  -> (artifact id: 'e4cb5edcf2eb26e9c5b63bc46ddbe65e') in 0.066183 seconds 
  Import took 0.070148 seconds .

========================================================================
Received Import Request.
  Time since last request: 0.000273 seconds.
  path: Assets/StarSparrow/Prefabs/Examples/StarSparrow12.prefab
  artifactKey: Guid(79e4c0d1647edb24e82e40e6b4bcaa7b) Importer(815301076,1909f56bfc062723c751e8b465ee728b)
Start importing Assets/StarSparrow/Prefabs/Examples/StarSparrow12.prefab using Guid(79e4c0d1647edb24e82e40e6b4bcaa7b) Importer(815301076,1909f56bfc062723c751e8b465ee728b)  -> (artifact id: 'ed3d111641caf425d1e000c998bf2ae6') in 0.074168 seconds 
  Import took 0.081951 seconds .

========================================================================
Received Import Request.
  Time since last request: 0.000245 seconds.
  path: Assets/StarSparrow/Prefabs/Examples/StarSparrow9.prefab
  artifactKey: Guid(7861019a7b8cb6f4db5310695263b29a) Importer(815301076,1909f56bfc062723c751e8b465ee728b)
Start importing Assets/StarSparrow/Prefabs/Examples/StarSparrow9.prefab using Guid(7861019a7b8cb6f4db5310695263b29a) Importer(815301076,1909f56bfc062723c751e8b465ee728b)  -> (artifact id: 'c9576acec38e0f38d4f3341cfdac868c') in 0.069400 seconds 
  Import took 0.075175 seconds .

========================================================================
Received Import Request.
  Time since last request: 0.000249 seconds.
  path: Assets/StarSparrow/Prefabs/Examples/StarSparrow6.prefab
  artifactKey: Guid(33942a27e06a55e498652847d7d15f99) Importer(815301076,1909f56bfc062723c751e8b465ee728b)
Start importing Assets/StarSparrow/Prefabs/Examples/StarSparrow6.prefab using Guid(33942a27e06a55e498652847d7d15f99) Importer(815301076,1909f56bfc062723c751e8b465ee728b)  -> (artifact id: '30c1676243e3a6d9caccebb0f2166bcd') in 0.063517 seconds 
  Import took 0.068007 seconds .

========================================================================
Received Import Request.
  Time since last request: 0.000258 seconds.
  path: Assets/StarSparrow/Prefabs/Examples/StarSparrow7.prefab
  artifactKey: Guid(c79905ec17c169a49b75177b6cf0d524) Importer(815301076,1909f56bfc062723c751e8b465ee728b)
Start importing Assets/StarSparrow/Prefabs/Examples/StarSparrow7.prefab using Guid(c79905ec17c169a49b75177b6cf0d524) Importer(815301076,1909f56bfc062723c751e8b465ee728b)  -> (artifact id: '751d0f82bf1eb3c496889733a4ce631f') in 0.065129 seconds 
  Import took 0.069588 seconds .

========================================================================
Received Import Request.
  Time since last request: 73.129636 seconds.
  path: Assets/StarSparrow/Scenes
  artifactKey: Guid(4616c5636019ab2478d1d46772d7e316) Importer(815301076,1909f56bfc062723c751e8b465ee728b)
Start importing Assets/StarSparrow/Scenes using Guid(4616c5636019ab2478d1d46772d7e316) Importer(815301076,1909f56bfc062723c751e8b465ee728b)  -> (artifact id: 'b61a80c4d9e10877be0234653fb9f2be') in 0.014751 seconds 
  Import took 0.019235 seconds .

========================================================================
Received Import Request.
  Time since last request: 2.179323 seconds.
  path: Assets/StarSparrow/Scenes/BonusContent.unity
  artifactKey: Guid(ad424019336bdbe41bd98becc7971008) Importer(815301076,1909f56bfc062723c751e8b465ee728b)
Start importing Assets/StarSparrow/Scenes/BonusContent.unity using Guid(ad424019336bdbe41bd98becc7971008) Importer(815301076,1909f56bfc062723c751e8b465ee728b)  -> (artifact id: 'e9677eaede108b4e6410deefbc1a9da5') in 0.023286 seconds 
  Import took 0.032026 seconds .

========================================================================
Received Import Request.
  Time since last request: 4.844587 seconds.
  path: Assets/Scenes
  artifactKey: Guid(0468feb7b6b819c4c9d7c60818cd63fd) Importer(815301076,1909f56bfc062723c751e8b465ee728b)
Start importing Assets/Scenes using Guid(0468feb7b6b819c4c9d7c60818cd63fd) Importer(815301076,1909f56bfc062723c751e8b465ee728b)  -> (artifact id: 'df8dc2144ce867f4065dcaf5fd027718') in 0.009348 seconds 
  Import took 0.021256 seconds .

========================================================================
Received Import Request.
  Time since last request: 138.059262 seconds.
  path: Assets/Scenes/SampleScene.unity
  artifactKey: Guid(9fc0d4010bbf28b4594072e72b8655ab) Importer(815301076,1909f56bfc062723c751e8b465ee728b)
Start importing Assets/Scenes/SampleScene.unity using Guid(9fc0d4010bbf28b4594072e72b8655ab) Importer(815301076,1909f56bfc062723c751e8b465ee728b)  -> (artifact id: '85059f4f9e1a832ed95adaa0d25c5c4c') in 0.016359 seconds 
  Import took 0.021243 seconds .

========================================================================
Received Import Request.
  Time since last request: 113.291083 seconds.
  path: Assets
  artifactKey: Guid(00000000000000001000000000000000) Importer(815301076,1909f56bfc062723c751e8b465ee728b)
Start importing Assets using Guid(00000000000000001000000000000000) Importer(815301076,1909f56bfc062723c751e8b465ee728b)  -> (artifact id: '42d402b061de3733987d63b9cc3b64de') in 0.015827 seconds 
  Import took 0.020714 seconds .

========================================================================
Received Import Request.
  Time since last request: 59.214851 seconds.
  path: Assets/starImage.jpg
  artifactKey: Guid(562a2bbe03c89e5469f0b3754c7cb0f5) Importer(815301076,1909f56bfc062723c751e8b465ee728b)
Start importing Assets/starImage.jpg using Guid(562a2bbe03c89e5469f0b3754c7cb0f5) Importer(815301076,1909f56bfc062723c751e8b465ee728b)  -> (artifact id: '019c323ab8c3be67135286c65056fd79') in 0.062863 seconds 
  Import took 0.069900 seconds .

========================================================================
Received Import Request.
  Time since last request: 253.951140 seconds.
  path: Assets/starImage.jpg
  artifactKey: Guid(562a2bbe03c89e5469f0b3754c7cb0f5) Importer(815301076,1909f56bfc062723c751e8b465ee728b)
Start importing Assets/starImage.jpg using Guid(562a2bbe03c89e5469f0b3754c7cb0f5) Importer(815301076,1909f56bfc062723c751e8b465ee728b)  -> (artifact id: '50bb02fe9eb1744d2c3c1a856c7ac56d') in 0.087966 seconds 
  Import took 0.094149 seconds .

========================================================================
Received Import Request.
  Time since last request: 154.841827 seconds.
  path: Assets/Dark.mat
  artifactKey: Guid(02f6ee8f37019f4489b20e8285fed70a) Importer(815301076,1909f56bfc062723c751e8b465ee728b)
Start importing Assets/Dark.mat using Guid(02f6ee8f37019f4489b20e8285fed70a) Importer(815301076,1909f56bfc062723c751e8b465ee728b)  -> (artifact id: 'ffe7392a71b1ed708c69365b8a8689a3') in 0.086532 seconds 
  Import took 0.091052 seconds .

========================================================================
Received Import Request.
  Time since last request: 316.896743 seconds.
  path: Assets/Dark.mat
  artifactKey: Guid(02f6ee8f37019f4489b20e8285fed70a) Importer(815301076,1909f56bfc062723c751e8b465ee728b)
Start importing Assets/Dark.mat using Guid(02f6ee8f37019f4489b20e8285fed70a) Importer(815301076,1909f56bfc062723c751e8b465ee728b)  -> (artifact id: 'adfc4dbc9e66f4c20e867c6badbf7796') in 0.059680 seconds 
  Import took 0.069198 seconds .

